<?xml version="1.0" encoding="UTF-8"?>
<!-- Generated by org.testng.reporters.JUnitReportReporter -->
<testsuite hostname="DESKTOP-4GAOFMD" failures="0" tests="1" name="com.demowebshop.tests.BooksTest" time="16.533" errors="0" timestamp="2024-07-03T14:05:55 IST" skipped="0">
  <testcase classname="com.demowebshop.tests.BooksTest" name="verifyUserIsAbleToSearchBooksCategory" time="16.533"/>
</testsuite> <!-- com.demowebshop.tests.BooksTest -->
