<?xml version="1.0" encoding="UTF-8"?>
<!-- Generated by org.testng.reporters.JUnitReportReporter -->
<testsuite hostname="DESKTOP-4GAOFMD" failures="0" tests="1" name="com.demowebshop.tests.LoginTest" time="28.703" errors="0" timestamp="2024-07-01T21:57:41 IST" skipped="0">
  <testcase classname="com.demowebshop.tests.LoginTest" name="verifyUserIsAbleToLoginWithValidCreds" time="28.703"/>
</testsuite> <!-- com.demowebshop.tests.LoginTest -->
