<?xml version="1.0" encoding="UTF-8"?>
<!-- Generated by org.testng.reporters.JUnitReportReporter -->
<testsuite hostname="DESKTOP-4GAOFMD" failures="0" tests="1" name="com.demowebshop.tests.RegistrationTest" time="9.785" errors="0" timestamp="2024-06-26T00:15:56 IST" skipped="0">
  <testcase classname="com.demowebshop.tests.RegistrationTest" name="verifyUserIsAbleToRegisterWithValidCreds" time="9.785"/>
</testsuite> <!-- com.demowebshop.tests.RegistrationTest -->
