<?xml version="1.0" encoding="UTF-8"?>
<!-- Generated by org.testng.reporters.JUnitReportReporter -->
<testsuite hostname="DESKTOP-4GAOFMD" failures="0" tests="1" name="com.demowebshop.tests.WishlistTest" time="13.168" errors="0" timestamp="2024-07-02T00:23:22 IST" skipped="0">
  <testcase classname="com.demowebshop.tests.WishlistTest" name="verifyUserIsAbleToAddItemToWishlist" time="13.168"/>
</testsuite> <!-- com.demowebshop.tests.WishlistTest -->
