<?xml version="1.0" encoding="UTF-8"?>
<!-- Generated by org.testng.reporters.JUnitReportReporter -->
<testsuite hostname="DESKTOP-4GAOFMD" failures="0" tests="1" name="com.demowebshop.tests.EmailTest" time="14.194" errors="0" timestamp="2024-07-03T14:05:27 IST" skipped="0">
  <testcase classname="com.demowebshop.tests.EmailTest" name="verifyUserIsAbleToEmailAFriend" time="14.194"/>
</testsuite> <!-- com.demowebshop.tests.EmailTest -->
