<?xml version="1.0" encoding="UTF-8"?>
<!-- Generated by org.testng.reporters.JUnitReportReporter -->
<testsuite hostname="DESKTOP-4GAOFMD" failures="0" tests="1" name="com.demowebshop.tests.RegisterationTest" time="27.127" errors="0" timestamp="2024-07-02T15:20:07 IST" skipped="0">
  <testcase classname="com.demowebshop.tests.RegisterationTest" name="verifyUserIsAbleToRegisterWithValidCreds" time="27.127"/>
</testsuite> <!-- com.demowebshop.tests.RegisterationTest -->
