<?xml version="1.0" encoding="UTF-8"?>
<!-- Generated by org.testng.reporters.JUnitReportReporter -->
<testsuite hostname="DESKTOP-4GAOFMD" failures="0" tests="1" name="com.demowebshop.tests.RegisterationDP" time="26.734" errors="0" timestamp="2024-07-01T21:57:41 IST" skipped="0">
  <testcase classname="com.demowebshop.tests.RegisterationDP" name="verifyUserIsAbleToRegisterThroughDP" time="26.734"/>
</testsuite> <!-- com.demowebshop.tests.RegisterationDP -->
