<?xml version="1.0" encoding="UTF-8"?>
<!-- Generated by org.testng.reporters.JUnitReportReporter -->
<testsuite hostname="DESKTOP-4GAOFMD" failures="0" tests="1" name="com.demowebshop.Utils.UniqueGenerator" time="0.118" errors="0" timestamp="2024-06-20T20:28:03 IST" skipped="0">
  <testcase classname="com.demowebshop.Utils.UniqueGenerator" name="getCurrentDateTime" time="0.118"/>
</testsuite> <!-- com.demowebshop.Utils.UniqueGenerator -->
