<?xml version="1.0" encoding="UTF-8"?>
<!-- Generated by org.testng.reporters.JUnitReportReporter -->
<testsuite hostname="DESKTOP-4GAOFMD" failures="0" tests="1" name="com.demowebshop.tests.EmailTest" time="11.758" errors="0" timestamp="2024-07-02T00:24:37 IST" skipped="0">
  <testcase classname="com.demowebshop.tests.EmailTest" name="verifyUserIsAbleToEmailAFriend" time="11.758"/>
</testsuite> <!-- com.demowebshop.tests.EmailTest -->
